[11:24:42] [Render thread/INFO] [JMLogger] JourneyMap log initialized.
[11:24:42] [Render thread/INFO] [JourneymapClient] initialize ENTER
[11:24:42] [Render thread/INFO] [ClientAPI] [ClientAPI] built with JourneyMap API 1.9-SNAPSHOT
[11:24:42] [Render thread/INFO] [PluginHelper] Initializing plugins with Client API: journeymap.client.api.impl.ClientAPI
[11:24:42] [Render thread/INFO] [PluginHelper] Initialized IClientPlugin: net.blay09.mods.waystones.compat.JourneyMapAddon
[11:24:42] [Render thread/INFO] [PluginHelper] Initialized IClientPlugin: frankv.jmi.JMIJourneyMapPlugin
[11:24:43] [Render thread/INFO] [?] Version: JourneyMap 1.19.2-5.9.0beta3, built with forge 1.19.2-43.1.52
forge: 43.1.55
Environment: os.name, os.arch, java.version, user.country, user.language=null, game language=en_us, locale=en_us
Features: 
	RadarPlayers : singleplayer = true , multiplayer = true
	RadarAnimals : singleplayer = true , multiplayer = true
	RadarMobs : singleplayer = true , multiplayer = true
	RadarVillagers : singleplayer = true , multiplayer = true
	MapTopo : singleplayer = true , multiplayer = true
	MapSurface : singleplayer = true , multiplayer = true
	MapCaves : singleplayer = true , multiplayer = true
	MapBiome : singleplayer = true , multiplayer = true
MiniMapProperties{state=Valid, file=journeymap.minimap.config, configVersion=5.9.0beta3, zoomLevel=0, compassFontScale=1.0, terrainAlpha=100, showEntityNames=true, positionX=0.9, positionY=0.25, effectVertical=false, showPlayerHeading=true, sizePercent=30, playerDisplayScale=1.0, showDayNight=true, showPets=true, preferredMapType=night, showCompass=true, mobDisplay=jm.common.entity_display.dots, systemTimeRealFormat=HH:mm:ss, shape=jm.minimap.shape_circle, showSelf=true, selfDisplayScale=1.0, showGrid=true, reticleOrientation=jm.minimap.orientation.compass, gameTimeRealFormat=HH:mm:ss, effectTranslateX=-166, showWaypoints=true, minimapKeyMovementSpeed=0.001, showAnimals=true, infoSlotAlpha=0.7, effectTranslateY=0, showWaypointLabels=true, moveEffectIcons=true, position=jm.minimap.position_topright, fontScale=1.0, showPlayers=true, waypointIconScale=1.0, frameAlpha=100, effectReversed=false, backgroundAlpha=0.8, enabled=true, showVillagers=true, info2Label=jm.theme.labelsource.gametime, info3Label=jm.theme.labelsource.location, showMobs=true, waypointLabelScale=1.0, showReticle=true, orientation=jm.minimap.orientation.north, info4Label=jm.theme.labelsource.biome, locationFormat=xzyv, playerDisplay=jm.common.entity_display.dots, mobDisplayScale=1.0, showCaves=true, showMobHeading=true, locationFormatVerbose=true, info1Label=jm.theme.labelsource.blank}
MiniMapProperties{state=Valid, file=journeymap.minimap2.config, configVersion=5.9.0beta3, zoomLevel=0, compassFontScale=1.0, terrainAlpha=100, showEntityNames=true, positionX=0.9, positionY=0.25, effectVertical=false, showPlayerHeading=true, sizePercent=30, playerDisplayScale=1.0, showDayNight=true, showPets=true, preferredMapType=day, showCompass=true, mobDisplay=jm.common.entity_display.dots, systemTimeRealFormat=HH:mm:ss, shape=jm.minimap.shape_rectangle, showSelf=true, selfDisplayScale=1.0, showGrid=true, reticleOrientation=jm.minimap.orientation.compass, gameTimeRealFormat=HH:mm:ss, effectTranslateX=0, showWaypoints=true, minimapKeyMovementSpeed=0.001, showAnimals=true, infoSlotAlpha=0.7, effectTranslateY=0, showWaypointLabels=true, moveEffectIcons=true, position=jm.minimap.position_topright, fontScale=1.0, showPlayers=true, waypointIconScale=1.0, frameAlpha=100, effectReversed=false, backgroundAlpha=0.8, enabled=true, showVillagers=true, info2Label=jm.theme.labelsource.gametime, info3Label=jm.theme.labelsource.location, showMobs=true, waypointLabelScale=1.0, showReticle=true, orientation=jm.minimap.orientation.north, info4Label=jm.theme.labelsource.biome, locationFormat=xzyv, playerDisplay=jm.common.entity_display.dots, mobDisplayScale=1.0, showCaves=true, showMobHeading=true, locationFormatVerbose=true, info1Label=jm.theme.labelsource.blank}
FullMapProperties{state=Valid, file=journeymap.fullmap.config, configVersion=5.9.0beta3, zoomLevel=5, showPlayers=true, waypointIconScale=1.0, showEntityNames=true, showPlayerHeading=true, showVillagers=true, showPlayerLoc=true, showKeys=true, playerDisplayScale=1.0, showMobs=true, showPets=true, waypointLabelScale=1.0, preferredMapType=day, mobDisplay=jm.common.entity_display.dots, showSelf=true, locationFormat=xzyv, playerDisplay=jm.common.entity_display.dots, mobDisplayScale=1.0, selfDisplayScale=1.0, showGrid=true, showMouseLoc=true, showWaypoints=true, showCaves=true, showAnimals=true, dragScale=1, showMobHeading=true, showWaypointLabels=true, locationFormatVerbose=true, fontScale=1.0}
WaypointProperties{state=Valid, file=journeymap.waypoint.config, configVersion=5.9.0beta3, autoRemoveDeathpointDistance=2, dateFormat=MM-dd-yyyy, autoRemoveDeathpoints=false, fullscreenDoubleClickToCreate=true, managerDimensionFocus=false, minDistance=4, boldLabel=false, textureSmall=true, showDeathpointlabel=true, beaconEnabled=true, createDeathpoints=true, showName=true, disableStrikeThrough=false, maxDistance=0, autoHideLabel=true, autoRemoveTempWaypoints=2, teleportCommand=/tp {name} {x} {y} {z}, showStaticBeam=true, shaderBeacon=false, timeFormat=HH:mm:ss, showDeviationLabel=false, showDistance=true, showRotatingBeam=true, fontScale=2.0, showTexture=true, managerEnabled=true}
WebMapProperties{state=Valid, file=journeymap.webmap.config, configVersion=5.9.0beta3, port=8080, enabled=false}
CoreProperties{state=Valid, file=journeymap.core.config, configVersion=5.9.0beta3, verboseColorPalette=false, maxPlayersData=32, mapSurfaceAboveCaves=true, dataCachingEnabled=true, optionsManagerViewed=5.9.0beta2, announceMod=true, colorPassive=#bbbbbb, mapBlendWater=false, renderDistanceSurfaceMax=0, seedId=false, radarVerticalDistance=16, mapBlendGrass=true, recordCacheStats=false, hideSneakingEntities=true, revealShape=jm.minimap.shape_circle, mapBiome=true, alwaysMapSurface=false, colorVillager=#88e188, mapPlants=false, colorPet=#0077ff, radarLateralDistance=64, mapBathymetry=false, mapCrops=true, maxMobsData=32, mapPlantShadows=false, alwaysMapCaves=false, checkUpdates=true, mapBlendFoliage=true, hideSpectators=false, mappingEnabled=true, colorPlayer=#ffffff, tileHighDisplayQuality=true, cacheVillagersData=2200, logLevel=INFO, maxVillagersData=32, mapWaterBiomeColors=false, maxAnimalsData=32, mapTransparency=true, caveBlackAsClear=false, tileRenderType=1, caveIgnoreGlass=true, mapTopography=true, renderDistanceCaveMax=0, mapAntialiasing=true, colorSelf=#0000ff, cachePlayersData=2000, cacheMobsData=3000, cachePlayerData=1000, splashViewed=5.9.0beta2, colorHostile=#ff0000, cacheAnimalsData=3100, themeName=OceanMonument, mapCaveLighting=true, renderDelay=2, glErrorChecking=false, autoMapPoll=2000}
[11:24:43] [Render thread/INFO] [JourneymapClient] initialize EXIT, elapsed count 1 avg 234.6ms
[11:25:18] [Render thread/INFO] [JourneymapClient] Journeymap PostInit
[11:25:18] [Render thread/INFO] [ThemeLoader] Preloaded theme textures: 73
[11:25:18] [Render thread/INFO] [JourneymapClient] postInitialize EXIT, elapsed count 1 avg 252.97ms
[11:26:17] [Server thread/INFO] [ForgeConfig] Loading JourneyMap Forge Configs
[11:26:40] [Render thread/INFO] [ModBlockDelegate] Custom modded block handling enabled for biomesoplenty
[11:26:40] [Render thread/INFO] [ChatLog] JourneyMap: Press [J]
[11:26:40] [Render thread/INFO] [WaypointStore] Loaded 11 waypoints from F:\curseforge\minecraft\Instances\1.19.2\journeymap\data\sp\Fall2022\waypoints
[11:26:40] [Render thread/INFO] [JourneymapClient] Mapping started in F:\curseforge\minecraft\Instances\1.19.2\journeymap\data\sp\Fall2022\overworld. Memory: 8192MB total, 3153MB free 
[11:26:40] [Render thread/INFO] [WaypointGroupStore] Loaded WaypointGroups file F:\curseforge\minecraft\Instances\1.19.2\journeymap\data\sp\Fall2022\waypoints\waypoint_groups.json
[11:27:54] [Render thread/ERROR] [JMLogger] Can't get entityTexture for translation{key='entity.alexsmobs.fly', args=[]} (SUPPRESSED)
[11:27:54] [Render thread/WARN] [JMLogger] java.lang.Throwable: Can't get entityTexture for translation{key='entity.alexsmobs.fly', args=[]}
[11:27:55] [Render thread/INFO] [JourneymapClient] Mapping halted in F:\curseforge\minecraft\Instances\1.19.2\journeymap\data\mp\offline\minecraft:overworld
[11:28:37] [Server thread/INFO] [ForgeConfig] Loading JourneyMap Forge Configs
[11:28:51] [Render thread/INFO] [WaypointStore] Loaded 11 waypoints from F:\curseforge\minecraft\Instances\1.19.2\journeymap\data\sp\Fall2022\waypoints
[11:28:51] [Render thread/INFO] [JourneymapClient] Mapping started in F:\curseforge\minecraft\Instances\1.19.2\journeymap\data\sp\Fall2022\overworld. Memory: 8192MB total, 1979MB free 
[11:29:59] [Render thread/INFO] [JourneymapClient] Mapping halted in F:\curseforge\minecraft\Instances\1.19.2\journeymap\data\mp\offline\minecraft:overworld
[11:30:41] [Server thread/INFO] [ForgeConfig] Loading JourneyMap Forge Configs
[11:30:55] [Render thread/INFO] [WaypointStore] Loaded 11 waypoints from F:\curseforge\minecraft\Instances\1.19.2\journeymap\data\sp\Fall2022\waypoints
[11:30:55] [Render thread/INFO] [JourneymapClient] Mapping started in F:\curseforge\minecraft\Instances\1.19.2\journeymap\data\sp\Fall2022\overworld. Memory: 8192MB total, 1502MB free 
[11:33:31] [Render thread/ERROR] [JMLogger] Can't get entityTexture for translation{key='entity.graveyard.ghoul', args=[]} (SUPPRESSED)
[11:33:31] [Render thread/WARN] [JMLogger] java.lang.Throwable: Can't get entityTexture for translation{key='entity.graveyard.ghoul', args=[]}
[11:33:32] [Render thread/INFO] [JourneymapClient] Mapping halted in F:\curseforge\minecraft\Instances\1.19.2\journeymap\data\mp\offline\minecraft:overworld
[11:34:15] [Server thread/INFO] [ForgeConfig] Loading JourneyMap Forge Configs
[11:34:27] [Render thread/INFO] [WaypointStore] Loaded 11 waypoints from F:\curseforge\minecraft\Instances\1.19.2\journeymap\data\sp\Fall2022\waypoints
[11:34:27] [Render thread/INFO] [JourneymapClient] Mapping started in F:\curseforge\minecraft\Instances\1.19.2\journeymap\data\sp\Fall2022\overworld. Memory: 8192MB total, 1678MB free 
[11:48:09] [Render thread/INFO] [JourneymapClient] Mapping halted in F:\curseforge\minecraft\Instances\1.19.2\journeymap\data\mp\offline\minecraft:overworld
[11:48:52] [Server thread/INFO] [ForgeConfig] Loading JourneyMap Forge Configs
[11:49:06] [Render thread/INFO] [WaypointStore] Loaded 11 waypoints from F:\curseforge\minecraft\Instances\1.19.2\journeymap\data\sp\Fall2022\waypoints
[11:49:06] [Render thread/INFO] [JourneymapClient] Mapping started in F:\curseforge\minecraft\Instances\1.19.2\journeymap\data\sp\Fall2022\overworld. Memory: 8192MB total, 1654MB free 
[11:52:39] [Render thread/INFO] [JourneymapClient] Mapping halted in F:\curseforge\minecraft\Instances\1.19.2\journeymap\data\mp\offline\minecraft:overworld
[11:59:12] [Server thread/INFO] [ForgeConfig] Loading JourneyMap Forge Configs
[11:59:25] [Render thread/INFO] [WaypointStore] Loaded 11 waypoints from F:\curseforge\minecraft\Instances\1.19.2\journeymap\data\sp\Fall2022\waypoints
[11:59:25] [Render thread/INFO] [JourneymapClient] Mapping started in F:\curseforge\minecraft\Instances\1.19.2\journeymap\data\sp\Fall2022\overworld. Memory: 8192MB total, 1002MB free 
[11:59:39] [Render thread/INFO] [JourneymapClient] Mapping halted in F:\curseforge\minecraft\Instances\1.19.2\journeymap\data\mp\offline\minecraft:overworld
[12:09:36] [Server thread/INFO] [ForgeConfig] Loading JourneyMap Forge Configs
[12:09:49] [Render thread/INFO] [WaypointStore] Loaded 11 waypoints from F:\curseforge\minecraft\Instances\1.19.2\journeymap\data\sp\Fall2022\waypoints
[12:09:49] [Render thread/INFO] [JourneymapClient] Mapping started in F:\curseforge\minecraft\Instances\1.19.2\journeymap\data\sp\Fall2022\overworld. Memory: 8192MB total, 902MB free 
[13:04:04] [Render thread/INFO] [JourneymapClient] Mapping halted in F:\curseforge\minecraft\Instances\1.19.2\journeymap\data\mp\offline\minecraft:overworld
[13:04:49] [Server thread/INFO] [ForgeConfig] Loading JourneyMap Forge Configs
[13:05:02] [Render thread/INFO] [WaypointStore] Loaded 11 waypoints from F:\curseforge\minecraft\Instances\1.19.2\journeymap\data\sp\Fall2022\waypoints
[13:05:02] [Render thread/INFO] [JourneymapClient] Mapping started in F:\curseforge\minecraft\Instances\1.19.2\journeymap\data\sp\Fall2022\overworld. Memory: 8192MB total, 976MB free 
[13:06:18] [Render thread/ERROR] [JMLogger] Can't get entityTexture for translation{key='entity.supplementaries.red_merchant', args=[]} (SUPPRESSED)
[13:06:18] [Render thread/WARN] [JMLogger] java.lang.Throwable: Can't get entityTexture for translation{key='entity.supplementaries.red_merchant', args=[]}
[18:01:06] [Render thread/ERROR] [JMLogger] Can't get entityTexture for translation{key='entity.graveyard.revenant', args=[]} (SUPPRESSED)
[18:01:06] [Render thread/WARN] [JMLogger] java.lang.Throwable: Can't get entityTexture for translation{key='entity.graveyard.revenant', args=[]}
[20:17:35] [Render thread/ERROR] [JMLogger] Can't get entityTexture for translation{key='entity.graveyard.revenant', args=[]} (SUPPRESSED)
[20:17:35] [Render thread/WARN] [JMLogger] java.lang.Throwable: Can't get entityTexture for translation{key='entity.graveyard.revenant', args=[]}
[20:17:35] [Render thread/ERROR] [JMLogger] Can't get entityTexture for translation{key='entity.graveyard.ghoul', args=[]} (SUPPRESSED)
[20:17:35] [Render thread/WARN] [JMLogger] java.lang.Throwable: Can't get entityTexture for translation{key='entity.graveyard.ghoul', args=[]}
[20:17:35] [Render thread/ERROR] [JMLogger] Can't get entityTexture for translation{key='entity.graveyard.acolyte', args=[]} (SUPPRESSED)
[20:17:35] [Render thread/WARN] [JMLogger] java.lang.Throwable: Can't get entityTexture for translation{key='entity.graveyard.acolyte', args=[]}
[20:17:35] [Render thread/ERROR] [JMLogger] Can't get entityTexture for translation{key='entity.graveyard.corrupted_pillager', args=[]} (SUPPRESSED)
[20:17:35] [Render thread/WARN] [JMLogger] java.lang.Throwable: Can't get entityTexture for translation{key='entity.graveyard.corrupted_pillager', args=[]}
[20:28:06] [Render thread/ERROR] [JMLogger] Can't get entityTexture for translation{key='entity.alexsmobs.fly', args=[]} (SUPPRESSED)
[20:28:06] [Render thread/WARN] [JMLogger] java.lang.Throwable: Can't get entityTexture for translation{key='entity.alexsmobs.fly', args=[]}
[21:23:25] [Render thread/ERROR] [JMLogger] Can't get entityTexture for translation{key='entity.alexsmobs.fly', args=[]} (SUPPRESSED)
[21:23:25] [Render thread/WARN] [JMLogger] java.lang.Throwable: Can't get entityTexture for translation{key='entity.alexsmobs.fly', args=[]}
[21:23:25] [Render thread/ERROR] [JMLogger] Can't get entityTexture for translation{key='entity.graveyard.ghoul', args=[]} (SUPPRESSED)
[21:23:25] [Render thread/WARN] [JMLogger] java.lang.Throwable: Can't get entityTexture for translation{key='entity.graveyard.ghoul', args=[]}
[21:23:25] [Render thread/ERROR] [JMLogger] Can't get entityTexture for translation{key='entity.graveyard.revenant', args=[]} (SUPPRESSED)
[21:23:25] [Render thread/WARN] [JMLogger] java.lang.Throwable: Can't get entityTexture for translation{key='entity.graveyard.revenant', args=[]}
[21:23:25] [Render thread/ERROR] [JMLogger] Can't get entityTexture for translation{key='entity.graveyard.acolyte', args=[]} (SUPPRESSED)
[21:23:25] [Render thread/WARN] [JMLogger] java.lang.Throwable: Can't get entityTexture for translation{key='entity.graveyard.acolyte', args=[]}
[21:23:25] [Render thread/ERROR] [JMLogger] Can't get entityTexture for translation{key='entity.graveyard.corrupted_pillager', args=[]} (SUPPRESSED)
[21:23:25] [Render thread/WARN] [JMLogger] java.lang.Throwable: Can't get entityTexture for translation{key='entity.graveyard.corrupted_pillager', args=[]}
[23:39:55] [Render thread/INFO] [JourneymapClient] Mapping halted in F:\curseforge\minecraft\Instances\1.19.2\journeymap\data\mp\offline\minecraft:overworld
